<?xml version="1.0" encoding="UTF-8"?>
<coverage generated="1773503050990" clover="3.2.0">
  <project timestamp="1773503050990" name="All files">
    <metrics statements="62" coveredstatements="62" conditionals="24" coveredconditionals="23" methods="25" coveredmethods="25" elements="111" coveredelements="110" complexity="0" loc="62" ncloc="62" packages="1" files="2" classes="2"/>
    <file name="Task.ts" path="/Users/ethan/xlao-xiaolaoer/projects/task-manager-cli/src/Task.ts">
      <metrics statements="4" coveredstatements="4" conditionals="4" coveredconditionals="4" methods="2" coveredmethods="2"/>
      <line num="68" count="2" type="stmt"/>
      <line num="69" count="40" type="stmt"/>
      <line num="76" count="2" type="stmt"/>
      <line num="77" count="38" type="stmt"/>
    </file>
    <file name="TaskManager.ts" path="/Users/ethan/xlao-xiaolaoer/projects/task-manager-cli/src/TaskManager.ts">
      <metrics statements="58" coveredstatements="58" conditionals="20" coveredconditionals="19" methods="23" coveredmethods="23"/>
      <line num="12" count="1" type="stmt"/>
      <line num="38" count="1" type="stmt"/>
      <line num="40" count="23" type="stmt"/>
      <line num="43" count="23" type="stmt"/>
      <line num="59" count="33" type="stmt"/>
      <line num="60" count="33" type="stmt"/>
      <line num="61" count="33" type="stmt"/>
      <line num="62" count="33" type="stmt"/>
      <line num="70" count="4" type="stmt"/>
      <line num="77" count="10" type="stmt"/>
      <line num="86" count="9" type="stmt"/>
      <line num="87" count="9" type="cond" truecount="3" falsecount="0"/>
      <line num="88" count="2" type="stmt"/>
      <line num="91" count="7" type="stmt"/>
      <line num="97" count="7" type="stmt"/>
      <line num="98" count="7" type="stmt"/>
      <line num="99" count="7" type="stmt"/>
      <line num="108" count="3" type="stmt"/>
      <line num="109" count="3" type="cond" truecount="1" falsecount="0"/>
      <line num="110" count="1" type="stmt"/>
      <line num="113" count="2" type="stmt"/>
      <line num="114" count="2" type="stmt"/>
      <line num="115" count="2" type="stmt"/>
      <line num="123" count="4" type="stmt"/>
      <line num="124" count="12" type="cond" truecount="3" falsecount="0"/>
      <line num="125" count="3" type="stmt"/>
      <line num="127" count="9" type="cond" truecount="3" falsecount="0"/>
      <line num="128" count="2" type="stmt"/>
      <line num="130" count="7" type="cond" truecount="3" falsecount="0"/>
      <line num="131" count="3" type="stmt"/>
      <line num="132" count="3" type="cond" truecount="1" falsecount="0"/>
      <line num="134" count="6" type="stmt"/>
      <line num="145" count="3" type="stmt"/>
      <line num="147" count="3" type="stmt"/>
      <line num="148" count="5" type="stmt"/>
      <line num="150" count="5" type="cond" truecount="3" falsecount="0"/>
      <line num="152" count="1" type="stmt"/>
      <line num="153" count="1" type="stmt"/>
      <line num="155" count="3" type="stmt"/>
      <line num="156" count="3" type="stmt"/>
      <line num="157" count="3" type="stmt"/>
      <line num="159" count="1" type="stmt"/>
      <line num="160" count="1" type="stmt"/>
      <line num="163" count="5" type="cond" truecount="2" falsecount="0"/>
      <line num="166" count="3" type="stmt"/>
      <line num="173" count="2" type="stmt"/>
      <line num="174" count="3" type="stmt"/>
      <line num="175" count="3" type="stmt"/>
      <line num="177" count="2" type="stmt"/>
      <line num="182" count="3" type="stmt"/>
      <line num="183" count="3" type="stmt"/>
      <line num="184" count="3" type="stmt"/>
      <line num="193" count="1" type="stmt"/>
      <line num="200" count="3" type="stmt"/>
      <line num="207" count="4" type="stmt"/>
      <line num="214" count="1" type="stmt"/>
      <line num="221" count="42" type="stmt"/>
      <line num="225" count="1" type="stmt"/>
    </file>
  </project>
</coverage>
