{"/Users/ethan/xlao-xiaolaoer/projects/task-manager-cli/src/Task.ts": {"path":"/Users/ethan/xlao-xiaolaoer/projects/task-manager-cli/src/Task.ts","statementMap":{"0":{"start":{"line":68,"column":0},"end":{"line":68,"column":16}},"1":{"start":{"line":76,"column":0},"end":{"line":76,"column":16}},"2":{"start":{"line":69,"column":2},"end":{"line":69,"column":68}},"3":{"start":{"line":77,"column":2},"end":{"line":84,"column":4}}},"fnMap":{"0":{"name":"generateId","decl":{"start":{"line":68,"column":16},"end":{"line":68,"column":26}},"loc":{"start":{"line":68,"column":26},"end":{"line":70,"column":1}}},"1":{"name":"createTask","decl":{"start":{"line":76,"column":16},"end":{"line":76,"column":26}},"loc":{"start":{"line":76,"column":51},"end":{"line":85,"column":1}}}},"branchMap":{"0":{"loc":{"start":{"line":81,"column":14},"end":{"line":81,"column":41}},"type":"binary-expr","locations":[{"start":{"line":81,"column":14},"end":{"line":81,"column":29}},{"start":{"line":81,"column":33},"end":{"line":81,"column":41}}]},"1":{"loc":{"start":{"line":83,"column":10},"end":{"line":83,"column":27}},"type":"binary-expr","locations":[{"start":{"line":83,"column":10},"end":{"line":83,"column":21}},{"start":{"line":83,"column":25},"end":{"line":83,"column":27}}]}},"s":{"0":2,"1":2,"2":40,"3":38},"f":{"0":40,"1":38},"b":{"0":[38,29],"1":[38,34]}}
,"/Users/ethan/xlao-xiaolaoer/projects/task-manager-cli/src/TaskManager.ts": {"path":"/Users/ethan/xlao-xiaolaoer/projects/task-manager-cli/src/TaskManager.ts","statementMap":{"0":{"start":{"line":12,"column":0},"end":{"line":12,"column":93}},"1":{"start":{"line":40,"column":10},"end":{"line":40,"column":47}},"2":{"start":{"line":43,"column":10},"end":{"line":51,"column":4}},"3":{"start":{"line":59,"column":17},"end":{"line":59,"column":35}},"4":{"start":{"line":60,"column":4},"end":{"line":60,"column":34}},"5":{"start":{"line":61,"column":4},"end":{"line":61,"column":35}},"6":{"start":{"line":62,"column":4},"end":{"line":62,"column":16}},"7":{"start":{"line":70,"column":4},"end":{"line":70,"column":30}},"8":{"start":{"line":77,"column":4},"end":{"line":77,"column":43}},"9":{"start":{"line":86,"column":17},"end":{"line":86,"column":35}},"10":{"start":{"line":87,"column":4},"end":{"line":89,"column":5}},"11":{"start":{"line":88,"column":6},"end":{"line":88,"column":19}},"12":{"start":{"line":91,"column":30},"end":{"line":95,"column":6}},"13":{"start":{"line":97,"column":4},"end":{"line":97,"column":36}},"14":{"start":{"line":98,"column":4},"end":{"line":98,"column":46}},"15":{"start":{"line":99,"column":4},"end":{"line":99,"column":16}},"16":{"start":{"line":108,"column":17},"end":{"line":108,"column":35}},"17":{"start":{"line":109,"column":4},"end":{"line":111,"column":5}},"18":{"start":{"line":110,"column":6},"end":{"line":110,"column":19}},"19":{"start":{"line":113,"column":4},"end":{"line":113,"column":26}},"20":{"start":{"line":114,"column":4},"end":{"line":114,"column":37}},"21":{"start":{"line":115,"column":4},"end":{"line":115,"column":16}},"22":{"start":{"line":123,"column":4},"end":{"line":135,"column":7}},"23":{"start":{"line":124,"column":6},"end":{"line":126,"column":7}},"24":{"start":{"line":125,"column":8},"end":{"line":125,"column":21}},"25":{"start":{"line":127,"column":6},"end":{"line":129,"column":7}},"26":{"start":{"line":128,"column":8},"end":{"line":128,"column":21}},"27":{"start":{"line":130,"column":6},"end":{"line":133,"column":7}},"28":{"start":{"line":131,"column":23},"end":{"line":131,"column":72}},"29":{"start":{"line":131,"column":47},"end":{"line":131,"column":71}},"30":{"start":{"line":132,"column":8},"end":{"line":132,"column":34}},"31":{"start":{"line":132,"column":21},"end":{"line":132,"column":34}},"32":{"start":{"line":134,"column":6},"end":{"line":134,"column":18}},"33":{"start":{"line":145,"column":19},"end":{"line":145,"column":29}},"34":{"start":{"line":147,"column":4},"end":{"line":164,"column":7}},"35":{"start":{"line":148,"column":23},"end":{"line":148,"column":24}},"36":{"start":{"line":150,"column":6},"end":{"line":161,"column":7}},"37":{"start":{"line":152,"column":10},"end":{"line":152,"column":69}},"38":{"start":{"line":153,"column":10},"end":{"line":153,"column":16}},"39":{"start":{"line":155,"column":33},"end":{"line":155,"column":63}},"40":{"start":{"line":156,"column":10},"end":{"line":156,"column":79}},"41":{"start":{"line":157,"column":10},"end":{"line":157,"column":16}},"42":{"start":{"line":159,"column":10},"end":{"line":159,"column":54}},"43":{"start":{"line":160,"column":10},"end":{"line":160,"column":16}},"44":{"start":{"line":163,"column":6},"end":{"line":163,"column":57}},"45":{"start":{"line":166,"column":4},"end":{"line":166,"column":18}},"46":{"start":{"line":173,"column":21},"end":{"line":173,"column":39}},"47":{"start":{"line":174,"column":20},"end":{"line":174,"column":64}},"48":{"start":{"line":174,"column":41},"end":{"line":174,"column":63}},"49":{"start":{"line":175,"column":22},"end":{"line":175,"column":68}},"50":{"start":{"line":175,"column":43},"end":{"line":175,"column":67}},"51":{"start":{"line":177,"column":4},"end":{"line":186,"column":6}},"52":{"start":{"line":182,"column":34},"end":{"line":182,"column":54}},"53":{"start":{"line":183,"column":37},"end":{"line":183,"column":60}},"54":{"start":{"line":184,"column":35},"end":{"line":184,"column":56}},"55":{"start":{"line":193,"column":4},"end":{"line":193,"column":23}},"56":{"start":{"line":200,"column":4},"end":{"line":200,"column":27}},"57":{"start":{"line":207,"column":4},"end":{"line":207,"column":40}},"58":{"start":{"line":214,"column":4},"end":{"line":214,"column":43}},"59":{"start":{"line":221,"column":4},"end":{"line":221,"column":62}},"60":{"start":{"line":221,"column":46},"end":{"line":221,"column":60}},"61":{"start":{"line":38,"column":0},"end":{"line":38,"column":13}},"62":{"start":{"line":225,"column":0},"end":{"line":225,"column":27}}},"fnMap":{"0":{"name":"(anonymous_0)","decl":{"start":{"line":38,"column":0},"end":{"line":38,"column":13}},"loc":{"start":{"line":38,"column":0},"end":{"line":223,"column":1}}},"1":{"name":"(anonymous_1)","decl":{"start":{"line":58,"column":2},"end":{"line":58,"column":9}},"loc":{"start":{"line":58,"column":34},"end":{"line":63,"column":3}}},"2":{"name":"(anonymous_2)","decl":{"start":{"line":69,"column":2},"end":{"line":69,"column":9}},"loc":{"start":{"line":69,"column":20},"end":{"line":71,"column":3}}},"3":{"name":"(anonymous_3)","decl":{"start":{"line":76,"column":2},"end":{"line":76,"column":13}},"loc":{"start":{"line":76,"column":13},"end":{"line":78,"column":3}}},"4":{"name":"(anonymous_4)","decl":{"start":{"line":85,"column":2},"end":{"line":85,"column":14}},"loc":{"start":{"line":85,"column":25},"end":{"line":100,"column":3}}},"5":{"name":"(anonymous_5)","decl":{"start":{"line":107,"column":2},"end":{"line":107,"column":12}},"loc":{"start":{"line":107,"column":23},"end":{"line":116,"column":3}}},"6":{"name":"(anonymous_6)","decl":{"start":{"line":122,"column":2},"end":{"line":122,"column":13}},"loc":{"start":{"line":122,"column":32},"end":{"line":136,"column":3}}},"7":{"name":"(anonymous_7)","decl":{"start":{"line":123,"column":37},"end":{"line":123,"column":41}},"loc":{"start":{"line":123,"column":44},"end":{"line":135,"column":5}}},"8":{"name":"(anonymous_8)","decl":{"start":{"line":131,"column":40},"end":{"line":131,"column":43}},"loc":{"start":{"line":131,"column":47},"end":{"line":131,"column":71}}},"9":{"name":"(anonymous_9)","decl":{"start":{"line":144,"column":2},"end":{"line":144,"column":11}},"loc":{"start":{"line":144,"column":67},"end":{"line":167,"column":3}}},"10":{"name":"(anonymous_10)","decl":{"start":{"line":147,"column":16},"end":{"line":147,"column":17}},"loc":{"start":{"line":147,"column":25},"end":{"line":164,"column":5}}},"11":{"name":"(anonymous_11)","decl":{"start":{"line":172,"column":2},"end":{"line":172,"column":10}},"loc":{"start":{"line":172,"column":10},"end":{"line":187,"column":3}}},"12":{"name":"(anonymous_12)","decl":{"start":{"line":174,"column":36},"end":{"line":174,"column":37}},"loc":{"start":{"line":174,"column":41},"end":{"line":174,"column":63}}},"13":{"name":"(anonymous_13)","decl":{"start":{"line":175,"column":38},"end":{"line":175,"column":39}},"loc":{"start":{"line":175,"column":43},"end":{"line":175,"column":67}}},"14":{"name":"(anonymous_14)","decl":{"start":{"line":182,"column":29},"end":{"line":182,"column":30}},"loc":{"start":{"line":182,"column":34},"end":{"line":182,"column":54}}},"15":{"name":"(anonymous_15)","decl":{"start":{"line":183,"column":32},"end":{"line":183,"column":33}},"loc":{"start":{"line":183,"column":37},"end":{"line":183,"column":60}}},"16":{"name":"(anonymous_16)","decl":{"start":{"line":184,"column":30},"end":{"line":184,"column":31}},"loc":{"start":{"line":184,"column":35},"end":{"line":184,"column":56}}},"17":{"name":"(anonymous_17)","decl":{"start":{"line":192,"column":2},"end":{"line":192,"column":10}},"loc":{"start":{"line":192,"column":10},"end":{"line":194,"column":3}}},"18":{"name":"(anonymous_18)","decl":{"start":{"line":199,"column":2},"end":{"line":199,"column":6}},"loc":{"start":{"line":199,"column":11},"end":{"line":201,"column":3}}},"19":{"name":"(anonymous_19)","decl":{"start":{"line":206,"column":2},"end":{"line":206,"column":4}},"loc":{"start":{"line":206,"column":92},"end":{"line":208,"column":3}}},"20":{"name":"(anonymous_20)","decl":{"start":{"line":213,"column":2},"end":{"line":213,"column":5}},"loc":{"start":{"line":213,"column":93},"end":{"line":215,"column":3}}},"21":{"name":"(anonymous_21)","decl":{"start":{"line":220,"column":10},"end":{"line":220,"column":14}},"loc":{"start":{"line":220,"column":85},"end":{"line":222,"column":3}}},"22":{"name":"(anonymous_22)","decl":{"start":{"line":221,"column":34},"end":{"line":221,"column":42}},"loc":{"start":{"line":221,"column":46},"end":{"line":221,"column":60}}}},"branchMap":{"0":{"loc":{"start":{"line":87,"column":4},"end":{"line":89,"column":5}},"type":"if","locations":[{"start":{"line":87,"column":4},"end":{"line":89,"column":5}}]},"1":{"loc":{"start":{"line":87,"column":8},"end":{"line":87,"column":44}},"type":"binary-expr","locations":[{"start":{"line":87,"column":8},"end":{"line":87,"column":13}},{"start":{"line":87,"column":17},"end":{"line":87,"column":44}}]},"2":{"loc":{"start":{"line":109,"column":4},"end":{"line":111,"column":5}},"type":"if","locations":[{"start":{"line":109,"column":4},"end":{"line":111,"column":5}}]},"3":{"loc":{"start":{"line":124,"column":6},"end":{"line":126,"column":7}},"type":"if","locations":[{"start":{"line":124,"column":6},"end":{"line":126,"column":7}}]},"4":{"loc":{"start":{"line":124,"column":10},"end":{"line":124,"column":56}},"type":"binary-expr","locations":[{"start":{"line":124,"column":10},"end":{"line":124,"column":23}},{"start":{"line":124,"column":27},"end":{"line":124,"column":56}}]},"5":{"loc":{"start":{"line":127,"column":6},"end":{"line":129,"column":7}},"type":"if","locations":[{"start":{"line":127,"column":6},"end":{"line":129,"column":7}}]},"6":{"loc":{"start":{"line":127,"column":10},"end":{"line":127,"column":62}},"type":"binary-expr","locations":[{"start":{"line":127,"column":10},"end":{"line":127,"column":25}},{"start":{"line":127,"column":29},"end":{"line":127,"column":62}}]},"7":{"loc":{"start":{"line":130,"column":6},"end":{"line":133,"column":7}},"type":"if","locations":[{"start":{"line":130,"column":6},"end":{"line":133,"column":7}}]},"8":{"loc":{"start":{"line":130,"column":10},"end":{"line":130,"column":47}},"type":"binary-expr","locations":[{"start":{"line":130,"column":10},"end":{"line":130,"column":21}},{"start":{"line":130,"column":25},"end":{"line":130,"column":47}}]},"9":{"loc":{"start":{"line":132,"column":8},"end":{"line":132,"column":34}},"type":"if","locations":[{"start":{"line":132,"column":8},"end":{"line":132,"column":34}}]},"10":{"loc":{"start":{"line":144,"column":43},"end":{"line":144,"column":67}},"type":"default-arg","locations":[{"start":{"line":144,"column":62},"end":{"line":144,"column":67}}]},"11":{"loc":{"start":{"line":150,"column":6},"end":{"line":161,"column":7}},"type":"switch","locations":[{"start":{"line":151,"column":8},"end":{"line":153,"column":16}},{"start":{"line":154,"column":8},"end":{"line":157,"column":16}},{"start":{"line":158,"column":8},"end":{"line":160,"column":16}}]},"12":{"loc":{"start":{"line":163,"column":13},"end":{"line":163,"column":56}},"type":"cond-expr","locations":[{"start":{"line":163,"column":32},"end":{"line":163,"column":43}},{"start":{"line":163,"column":46},"end":{"line":163,"column":56}}]}},"s":{"0":1,"1":23,"2":23,"3":33,"4":33,"5":33,"6":33,"7":4,"8":10,"9":9,"10":9,"11":2,"12":7,"13":7,"14":7,"15":7,"16":3,"17":3,"18":1,"19":2,"20":2,"21":2,"22":4,"23":12,"24":3,"25":9,"26":2,"27":7,"28":3,"29":3,"30":3,"31":1,"32":6,"33":3,"34":3,"35":5,"36":5,"37":1,"38":1,"39":3,"40":3,"41":3,"42":1,"43":1,"44":5,"45":3,"46":2,"47":2,"48":3,"49":2,"50":3,"51":2,"52":3,"53":3,"54":3,"55":1,"56":3,"57":4,"58":1,"59":42,"60":3,"61":1,"62":1},"f":{"0":23,"1":33,"2":4,"3":10,"4":9,"5":3,"6":4,"7":12,"8":3,"9":3,"10":5,"11":2,"12":3,"13":3,"14":3,"15":3,"16":3,"17":1,"18":3,"19":4,"20":1,"21":42,"22":3},"b":{"0":[2],"1":[9,8],"2":[1],"3":[3],"4":[12,6],"5":[2],"6":[9,3],"7":[3],"8":[7,3],"9":[1],"10":[0],"11":[1,3,1],"12":[3,2]}}
}
