TN:
SF:src/Task.ts
FN:68,generateId
FN:76,createTask
FNF:2
FNH:2
FNDA:40,generateId
FNDA:38,createTask
DA:68,2
DA:69,40
DA:76,2
DA:77,38
LF:4
LH:4
BRDA:81,0,0,38
BRDA:81,0,1,29
BRDA:83,1,0,38
BRDA:83,1,1,34
BRF:4
BRH:4
end_of_record
TN:
SF:src/TaskManager.ts
FN:38,(anonymous_0)
FN:58,(anonymous_1)
FN:69,(anonymous_2)
FN:76,(anonymous_3)
FN:85,(anonymous_4)
FN:107,(anonymous_5)
FN:122,(anonymous_6)
FN:123,(anonymous_7)
FN:131,(anonymous_8)
FN:144,(anonymous_9)
FN:147,(anonymous_10)
FN:172,(anonymous_11)
FN:174,(anonymous_12)
FN:175,(anonymous_13)
FN:182,(anonymous_14)
FN:183,(anonymous_15)
FN:184,(anonymous_16)
FN:192,(anonymous_17)
FN:199,(anonymous_18)
FN:206,(anonymous_19)
FN:213,(anonymous_20)
FN:220,(anonymous_21)
FN:221,(anonymous_22)
FNF:23
FNH:23
FNDA:23,(anonymous_0)
FNDA:33,(anonymous_1)
FNDA:4,(anonymous_2)
FNDA:10,(anonymous_3)
FNDA:9,(anonymous_4)
FNDA:3,(anonymous_5)
FNDA:4,(anonymous_6)
FNDA:12,(anonymous_7)
FNDA:3,(anonymous_8)
FNDA:3,(anonymous_9)
FNDA:5,(anonymous_10)
FNDA:2,(anonymous_11)
FNDA:3,(anonymous_12)
FNDA:3,(anonymous_13)
FNDA:3,(anonymous_14)
FNDA:3,(anonymous_15)
FNDA:3,(anonymous_16)
FNDA:1,(anonymous_17)
FNDA:3,(anonymous_18)
FNDA:4,(anonymous_19)
FNDA:1,(anonymous_20)
FNDA:42,(anonymous_21)
FNDA:3,(anonymous_22)
DA:12,1
DA:38,1
DA:40,23
DA:43,23
DA:59,33
DA:60,33
DA:61,33
DA:62,33
DA:70,4
DA:77,10
DA:86,9
DA:87,9
DA:88,2
DA:91,7
DA:97,7
DA:98,7
DA:99,7
DA:108,3
DA:109,3
DA:110,1
DA:113,2
DA:114,2
DA:115,2
DA:123,4
DA:124,12
DA:125,3
DA:127,9
DA:128,2
DA:130,7
DA:131,3
DA:132,3
DA:134,6
DA:145,3
DA:147,3
DA:148,5
DA:150,5
DA:152,1
DA:153,1
DA:155,3
DA:156,3
DA:157,3
DA:159,1
DA:160,1
DA:163,5
DA:166,3
DA:173,2
DA:174,3
DA:175,3
DA:177,2
DA:182,3
DA:183,3
DA:184,3
DA:193,1
DA:200,3
DA:207,4
DA:214,1
DA:221,42
DA:225,1
LF:58
LH:58
BRDA:87,0,0,2
BRDA:87,1,0,9
BRDA:87,1,1,8
BRDA:109,2,0,1
BRDA:124,3,0,3
BRDA:124,4,0,12
BRDA:124,4,1,6
BRDA:127,5,0,2
BRDA:127,6,0,9
BRDA:127,6,1,3
BRDA:130,7,0,3
BRDA:130,8,0,7
BRDA:130,8,1,3
BRDA:132,9,0,1
BRDA:144,10,0,0
BRDA:150,11,0,1
BRDA:150,11,1,3
BRDA:150,11,2,1
BRDA:163,12,0,3
BRDA:163,12,1,2
BRF:20
BRH:19
end_of_record
