{"/Users/ethan/xlao/projects/task-manager/src/engine/Task.ts": {"path":"/Users/ethan/xlao/projects/task-manager/src/engine/Task.ts","statementMap":{"0":{"start":{"line":12,"column":13},"end":{"line":12,"column":63}},"1":{"start":{"line":26,"column":13},"end":{"line":26,"column":66}}},"fnMap":{},"branchMap":{},"s":{"0":1,"1":1},"f":{},"b":{}}
,"/Users/ethan/xlao/projects/task-manager/src/engine/TaskManager.ts": {"path":"/Users/ethan/xlao/projects/task-manager/src/engine/TaskManager.ts","statementMap":{"0":{"start":{"line":17,"column":19},"end":{"line":17,"column":51}},"1":{"start":{"line":19,"column":19},"end":{"line":19,"column":60}},"2":{"start":{"line":21,"column":19},"end":{"line":21,"column":64}},"3":{"start":{"line":23,"column":10},"end":{"line":23,"column":21}},"4":{"start":{"line":34,"column":23},"end":{"line":41,"column":6}},"5":{"start":{"line":43,"column":4},"end":{"line":43,"column":34}},"6":{"start":{"line":44,"column":4},"end":{"line":44,"column":41}},"7":{"start":{"line":46,"column":4},"end":{"line":46,"column":32}},"8":{"start":{"line":57,"column":4},"end":{"line":57,"column":33}},"9":{"start":{"line":68,"column":24},"end":{"line":68,"column":42}},"10":{"start":{"line":70,"column":4},"end":{"line":72,"column":5}},"11":{"start":{"line":71,"column":6},"end":{"line":71,"column":18}},"12":{"start":{"line":74,"column":4},"end":{"line":76,"column":5}},"13":{"start":{"line":75,"column":6},"end":{"line":75,"column":41}},"14":{"start":{"line":78,"column":32},"end":{"line":82,"column":6}},"15":{"start":{"line":84,"column":4},"end":{"line":84,"column":38}},"16":{"start":{"line":85,"column":4},"end":{"line":85,"column":54}},"17":{"start":{"line":87,"column":4},"end":{"line":87,"column":41}},"18":{"start":{"line":98,"column":17},"end":{"line":98,"column":35}},"19":{"start":{"line":100,"column":4},"end":{"line":100,"column":51}},"20":{"start":{"line":110,"column":4},"end":{"line":110,"column":75}},"21":{"start":{"line":110,"column":53},"end":{"line":110,"column":73}},"22":{"start":{"line":121,"column":4},"end":{"line":121,"column":71}},"23":{"start":{"line":121,"column":47},"end":{"line":121,"column":69}},"24":{"start":{"line":132,"column":4},"end":{"line":132,"column":38}},"25":{"start":{"line":134,"column":4},"end":{"line":136,"column":6}},"26":{"start":{"line":135,"column":6},"end":{"line":135,"column":43}},"27":{"start":{"line":147,"column":4},"end":{"line":147,"column":42}},"28":{"start":{"line":149,"column":4},"end":{"line":151,"column":6}},"29":{"start":{"line":150,"column":6},"end":{"line":150,"column":47}},"30":{"start":{"line":161,"column":15},"end":{"line":161,"column":36}},"31":{"start":{"line":163,"column":4},"end":{"line":163,"column":21}},"32":{"start":{"line":165,"column":4},"end":{"line":165,"column":14}},"33":{"start":{"line":176,"column":4},"end":{"line":178,"column":7}},"34":{"start":{"line":177,"column":6},"end":{"line":177,"column":37}},"35":{"start":{"line":189,"column":4},"end":{"line":193,"column":6}},"36":{"start":{"line":16,"column":0},"end":{"line":16,"column":13}}},"fnMap":{"0":{"name":"(anonymous_0)","decl":{"start":{"line":16,"column":0},"end":{"line":16,"column":13}},"loc":{"start":{"line":16,"column":0},"end":{"line":195,"column":1}}},"1":{"name":"(anonymous_1)","decl":{"start":{"line":33,"column":9},"end":{"line":33,"column":16}},"loc":{"start":{"line":33,"column":54},"end":{"line":47,"column":3}}},"2":{"name":"(anonymous_2)","decl":{"start":{"line":56,"column":9},"end":{"line":56,"column":19}},"loc":{"start":{"line":56,"column":30},"end":{"line":58,"column":3}}},"3":{"name":"(anonymous_3)","decl":{"start":{"line":67,"column":9},"end":{"line":67,"column":21}},"loc":{"start":{"line":67,"column":32},"end":{"line":88,"column":3}}},"4":{"name":"(anonymous_4)","decl":{"start":{"line":97,"column":9},"end":{"line":97,"column":16}},"loc":{"start":{"line":97,"column":27},"end":{"line":101,"column":3}}},"5":{"name":"(anonymous_5)","decl":{"start":{"line":109,"column":9},"end":{"line":109,"column":20}},"loc":{"start":{"line":109,"column":20},"end":{"line":111,"column":3}}},"6":{"name":"(anonymous_6)","decl":{"start":{"line":110,"column":43},"end":{"line":110,"column":44}},"loc":{"start":{"line":110,"column":53},"end":{"line":110,"column":73}}},"7":{"name":"(anonymous_7)","decl":{"start":{"line":120,"column":9},"end":{"line":120,"column":25}},"loc":{"start":{"line":120,"column":44},"end":{"line":122,"column":3}}},"8":{"name":"(anonymous_8)","decl":{"start":{"line":121,"column":37},"end":{"line":121,"column":38}},"loc":{"start":{"line":121,"column":47},"end":{"line":121,"column":69}}},"9":{"name":"(anonymous_9)","decl":{"start":{"line":131,"column":9},"end":{"line":131,"column":20}},"loc":{"start":{"line":131,"column":43},"end":{"line":137,"column":3}}},"10":{"name":"(anonymous_10)","decl":{"start":{"line":134,"column":11},"end":{"line":134,"column":14}},"loc":{"start":{"line":134,"column":16},"end":{"line":136,"column":5}}},"11":{"name":"(anonymous_11)","decl":{"start":{"line":146,"column":9},"end":{"line":146,"column":24}},"loc":{"start":{"line":146,"column":47},"end":{"line":152,"column":3}}},"12":{"name":"(anonymous_12)","decl":{"start":{"line":149,"column":11},"end":{"line":149,"column":14}},"loc":{"start":{"line":149,"column":16},"end":{"line":151,"column":5}}},"13":{"name":"(anonymous_13)","decl":{"start":{"line":160,"column":10},"end":{"line":160,"column":22}},"loc":{"start":{"line":160,"column":22},"end":{"line":166,"column":3}}},"14":{"name":"(anonymous_14)","decl":{"start":{"line":175,"column":10},"end":{"line":175,"column":14}},"loc":{"start":{"line":175,"column":63},"end":{"line":179,"column":3}}},"15":{"name":"(anonymous_15)","decl":{"start":{"line":176,"column":22},"end":{"line":176,"column":23}},"loc":{"start":{"line":176,"column":35},"end":{"line":178,"column":5}}},"16":{"name":"(anonymous_16)","decl":{"start":{"line":188,"column":10},"end":{"line":188,"column":19}},"loc":{"start":{"line":188,"column":30},"end":{"line":194,"column":3}}}},"branchMap":{"0":{"loc":{"start":{"line":70,"column":4},"end":{"line":72,"column":5}},"type":"if","locations":[{"start":{"line":70,"column":4},"end":{"line":72,"column":5}}]},"1":{"loc":{"start":{"line":74,"column":4},"end":{"line":76,"column":5}},"type":"if","locations":[{"start":{"line":74,"column":4},"end":{"line":76,"column":5}}]},"2":{"loc":{"start":{"line":100,"column":11},"end":{"line":100,"column":50}},"type":"cond-expr","locations":[{"start":{"line":100,"column":18},"end":{"line":100,"column":38}},{"start":{"line":100,"column":41},"end":{"line":100,"column":50}}]},"3":{"loc":{"start":{"line":192,"column":19},"end":{"line":192,"column":71}},"type":"cond-expr","locations":[{"start":{"line":192,"column":38},"end":{"line":192,"column":64}},{"start":{"line":192,"column":67},"end":{"line":192,"column":71}}]}},"s":{"0":7,"1":7,"2":7,"3":7,"4":10,"5":10,"6":10,"7":10,"8":3,"9":6,"10":6,"11":1,"12":5,"13":1,"14":4,"15":4,"16":4,"17":4,"18":4,"19":4,"20":3,"21":9,"22":2,"23":6,"24":2,"25":2,"26":1,"27":2,"28":2,"29":1,"30":10,"31":10,"32":10,"33":14,"34":5,"35":32,"36":1},"f":{"0":7,"1":10,"2":3,"3":6,"4":4,"5":3,"6":9,"7":2,"8":6,"9":2,"10":1,"11":2,"12":1,"13":10,"14":14,"15":5,"16":32},"b":{"0":[1],"1":[1],"2":[3,1],"3":[11,21]}}
}
