TN:
SF:src/engine/Task.ts
FNF:0
FNH:0
DA:12,1
DA:26,1
LF:2
LH:2
BRF:0
BRH:0
end_of_record
TN:
SF:src/engine/TaskManager.ts
FN:16,(anonymous_0)
FN:33,(anonymous_1)
FN:56,(anonymous_2)
FN:67,(anonymous_3)
FN:97,(anonymous_4)
FN:109,(anonymous_5)
FN:110,(anonymous_6)
FN:120,(anonymous_7)
FN:121,(anonymous_8)
FN:131,(anonymous_9)
FN:134,(anonymous_10)
FN:146,(anonymous_11)
FN:149,(anonymous_12)
FN:160,(anonymous_13)
FN:175,(anonymous_14)
FN:176,(anonymous_15)
FN:188,(anonymous_16)
FNF:17
FNH:17
FNDA:7,(anonymous_0)
FNDA:10,(anonymous_1)
FNDA:3,(anonymous_2)
FNDA:6,(anonymous_3)
FNDA:4,(anonymous_4)
FNDA:3,(anonymous_5)
FNDA:9,(anonymous_6)
FNDA:2,(anonymous_7)
FNDA:6,(anonymous_8)
FNDA:2,(anonymous_9)
FNDA:1,(anonymous_10)
FNDA:2,(anonymous_11)
FNDA:1,(anonymous_12)
FNDA:10,(anonymous_13)
FNDA:14,(anonymous_14)
FNDA:5,(anonymous_15)
FNDA:32,(anonymous_16)
DA:16,1
DA:17,7
DA:19,7
DA:21,7
DA:23,7
DA:34,10
DA:43,10
DA:44,10
DA:46,10
DA:57,3
DA:68,6
DA:70,6
DA:71,1
DA:74,5
DA:75,1
DA:78,4
DA:84,4
DA:85,4
DA:87,4
DA:98,4
DA:100,4
DA:110,9
DA:121,6
DA:132,2
DA:134,2
DA:135,1
DA:147,2
DA:149,2
DA:150,1
DA:161,10
DA:163,10
DA:165,10
DA:176,14
DA:177,5
DA:189,32
LF:35
LH:35
BRDA:70,0,0,1
BRDA:74,1,0,1
BRDA:100,2,0,3
BRDA:100,2,1,1
BRDA:192,3,0,11
BRDA:192,3,1,21
BRF:6
BRH:6
end_of_record
